Running: /mnt/storage/Xilinx/14.7/ISE_DS/ISE/bin/lin64/unwrapped/fuse -intstyle ise -incremental -o /home/default/workspace/LED_driver/testOfMain_isim_beh.exe -prj /home/default/workspace/LED_driver/testOfMain_beh.prj work.testOfMain 
ISim P.20131013 (signature 0xfbc00daa)
Number of CPUs detected in this system: 4
Turning on mult-threading, number of parallel sub-compilation jobs: 8 
Determining compilation order of HDL files
Parsing VHDL file "/home/default/workspace/LED_driver/main.vhd" into library work
Parsing VHDL file "/home/default/workspace/LED_driver/testOfMain.vhd" into library work
Starting static elaboration
Completed static elaboration
Fuse Memory Usage: 98972 KB
Fuse CPU Usage: 1100 ms
Compiling package standard
Compiling package std_logic_1164
Compiling package numeric_std
Compiling package std_logic_arith
Compiling package std_logic_unsigned
Compiling architecture behavioral of entity main [main_default]
Compiling architecture behavior of entity testofmain
Time Resolution for simulation is 1ps.
Waiting for 1 sub-compilation(s) to finish...
Compiled 8 VHDL Units
Built simulation executable /home/default/workspace/LED_driver/testOfMain_isim_beh.exe
Fuse Memory Usage: 674812 KB
Fuse CPU Usage: 1250 ms
GCC CPU Usage: 370 ms
