ISim log file
Running: /home/default/workspace/LED_driver/testOfMain_isim_beh.exe -intstyle ise -gui -tclbatch isim.cmd -wdb /home/default/workspace/LED_driver/testOfMain_isim_beh.wdb 
ISim P.20131013 (signature 0xfbc00daa)
WARNING: A WEBPACK license was found.
WARNING: Please use Xilinx License Configuration Manager to check out a full ISim license.
WARNING: ISim will run in Lite mode. Please refer to the ISim documentation for more information on the differences between the Lite and the Full version.
This is a Lite version of ISim.
Time resolution is 1 ps
# onerror resume
# wave add /
# run 1000 ns
Simulator is doing circuit initialization process.
Finished circuit initialization process.
# step
Stopped at time : 1010 ns : File "/home/default/workspace/LED_driver/testOfMain.vhd" Line 78
# step
Stopped at time : 1010 ns : File "/home/default/workspace/LED_driver/testOfMain.vhd" Line 79
# step
Stopped at time : 1010 ns : File "/home/default/workspace/LED_driver/main.vhd" Line 180
# step
Stopped at time : 1010 ns : File "/home/default/workspace/LED_driver/main.vhd" Line 184
# run 1.00s
Stopped at time : 817537880 ns : File "/home/default/workspace/LED_driver/testOfMain.vhd" Line 76
# exit 0
